ARM GAS  /tmp/ccvKC9z8.s 			page 1


   1              		.cpu cortex-m3
   2              		.arch armv7-m
   3              		.fpu softvfp
   4              		.eabi_attribute 20, 1
   5              		.eabi_attribute 21, 1
   6              		.eabi_attribute 23, 3
   7              		.eabi_attribute 24, 1
   8              		.eabi_attribute 25, 1
   9              		.eabi_attribute 26, 1
  10              		.eabi_attribute 30, 1
  11              		.eabi_attribute 34, 1
  12              		.eabi_attribute 18, 4
  13              		.file	"wdg.c"
  14              		.text
  15              	.Ltext0:
  16              		.cfi_sections	.debug_frame
  17              		.file 1 "Core/bsp/wdg.c"
  18              		.section	.text.iwdg_init,"ax",%progbits
  19              		.align	1
  20              		.global	iwdg_init
  21              		.syntax unified
  22              		.thumb
  23              		.thumb_func
  25              	iwdg_init:
  26              	.LVL0:
  27              	.LFB65:
   1:Core/bsp/wdg.c **** /**
   2:Core/bsp/wdg.c ****  **************************************************************************************************
   3:Core/bsp/wdg.c ****  * @file        wdg.c
   4:Core/bsp/wdg.c ****  * @author      正点原子团队(ALIENTEK)
   5:Core/bsp/wdg.c ****  * @version     V1.0
   6:Core/bsp/wdg.c ****  * @date        2020-04-20
   7:Core/bsp/wdg.c ****  * @brief       看门狗 驱动代码
   8:Core/bsp/wdg.c ****  * @license     Copyright (c) 2020-2032, 广州市星翼电子科技有限公司
   9:Core/bsp/wdg.c ****  **************************************************************************************************
  10:Core/bsp/wdg.c ****  * @attention
  11:Core/bsp/wdg.c ****  *
  12:Core/bsp/wdg.c ****  * 实验平台:正点原子 STM32F103开发板
  13:Core/bsp/wdg.c ****  * 在线视频:www.yuanzige.com
  14:Core/bsp/wdg.c ****  * 技术论坛:www.openedv.com
  15:Core/bsp/wdg.c ****  * 公司网址:www.alientek.com
  16:Core/bsp/wdg.c ****  * 购买地址:openedv.taobao.com
  17:Core/bsp/wdg.c ****  *
  18:Core/bsp/wdg.c ****  * 修改说明
  19:Core/bsp/wdg.c ****  * V1.0 20200420
  20:Core/bsp/wdg.c ****  * 第一次发布
  21:Core/bsp/wdg.c ****  *
  22:Core/bsp/wdg.c ****  **************************************************************************************************
  23:Core/bsp/wdg.c ****  */
  24:Core/bsp/wdg.c **** 
  25:Core/bsp/wdg.c **** #include "wdg.h"
  26:Core/bsp/wdg.c **** 
  27:Core/bsp/wdg.c **** /**
  28:Core/bsp/wdg.c ****  * @brief       初始化独立看门狗 
  29:Core/bsp/wdg.c ****  * @param       prer: 分频数:0~7(只有低3位有效!)
  30:Core/bsp/wdg.c ****  *   @arg       分频因子 = 4 * 2^prer. 但最大值只能是256!
  31:Core/bsp/wdg.c ****  * @param       rlr: 自动重装载值,0~0XFFF. 
ARM GAS  /tmp/ccvKC9z8.s 			page 2


  32:Core/bsp/wdg.c ****  * @note        时间计算(大概):Tout=((4 * 2^prer) * rlr) / 40 (ms). 
  33:Core/bsp/wdg.c ****  * @retval      无
  34:Core/bsp/wdg.c ****  */
  35:Core/bsp/wdg.c **** void iwdg_init(uint8_t prer, uint16_t rlr)
  36:Core/bsp/wdg.c **** {
  28              		.loc 1 36 1 view -0
  29              		.cfi_startproc
  30              		@ args = 0, pretend = 0, frame = 0
  31              		@ frame_needed = 0, uses_anonymous_args = 0
  32              		@ link register save eliminated.
  37:Core/bsp/wdg.c ****     IWDG->KR = 0X5555;  /* 使能对IWDG->PR和IWDG->RLR的写 */
  33              		.loc 1 37 5 view .LVU1
  34              		.loc 1 37 14 is_stmt 0 view .LVU2
  35 0000 064B     		ldr	r3, .L2
  36 0002 45F25552 		movw	r2, #21845
  37 0006 1A60     		str	r2, [r3]
  38:Core/bsp/wdg.c ****     IWDG->PR = prer;    /* 设置分频系数 */
  38              		.loc 1 38 5 is_stmt 1 view .LVU3
  39              		.loc 1 38 14 is_stmt 0 view .LVU4
  40 0008 5860     		str	r0, [r3, #4]
  39:Core/bsp/wdg.c ****     IWDG->RLR = rlr;    /* 从加载寄存器 IWDG->RLR */
  41              		.loc 1 39 5 is_stmt 1 view .LVU5
  42              		.loc 1 39 15 is_stmt 0 view .LVU6
  43 000a 9960     		str	r1, [r3, #8]
  40:Core/bsp/wdg.c ****     IWDG->KR = 0XAAAA;  /* reload */
  44              		.loc 1 40 5 is_stmt 1 view .LVU7
  45              		.loc 1 40 14 is_stmt 0 view .LVU8
  46 000c 4AF6AA22 		movw	r2, #43690
  47 0010 1A60     		str	r2, [r3]
  41:Core/bsp/wdg.c ****     IWDG->KR = 0XCCCC;  /* 使能看门狗 */
  48              		.loc 1 41 5 is_stmt 1 view .LVU9
  49              		.loc 1 41 14 is_stmt 0 view .LVU10
  50 0012 4CF6CC42 		movw	r2, #52428
  51 0016 1A60     		str	r2, [r3]
  42:Core/bsp/wdg.c **** }
  52              		.loc 1 42 1 view .LVU11
  53 0018 7047     		bx	lr
  54              	.L3:
  55 001a 00BF     		.align	2
  56              	.L2:
  57 001c 00300040 		.word	1073754112
  58              		.cfi_endproc
  59              	.LFE65:
  61              		.section	.text.iwdg_feed,"ax",%progbits
  62              		.align	1
  63              		.global	iwdg_feed
  64              		.syntax unified
  65              		.thumb
  66              		.thumb_func
  68              	iwdg_feed:
  69              	.LFB66:
  43:Core/bsp/wdg.c **** 
  44:Core/bsp/wdg.c **** /**
  45:Core/bsp/wdg.c ****  * @brief       喂独立看门狗
  46:Core/bsp/wdg.c ****  * @param       无
  47:Core/bsp/wdg.c ****  * @retval      无
  48:Core/bsp/wdg.c ****  */
ARM GAS  /tmp/ccvKC9z8.s 			page 3


  49:Core/bsp/wdg.c **** void iwdg_feed(void)
  50:Core/bsp/wdg.c **** {
  70              		.loc 1 50 1 is_stmt 1 view -0
  71              		.cfi_startproc
  72              		@ args = 0, pretend = 0, frame = 0
  73              		@ frame_needed = 0, uses_anonymous_args = 0
  74              		@ link register save eliminated.
  51:Core/bsp/wdg.c ****     IWDG->KR = 0XAAAA;  /* reload */
  75              		.loc 1 51 5 view .LVU13
  76              		.loc 1 51 14 is_stmt 0 view .LVU14
  77 0000 024B     		ldr	r3, .L5
  78 0002 4AF6AA22 		movw	r2, #43690
  79 0006 1A60     		str	r2, [r3]
  52:Core/bsp/wdg.c **** }
  80              		.loc 1 52 1 view .LVU15
  81 0008 7047     		bx	lr
  82              	.L6:
  83 000a 00BF     		.align	2
  84              	.L5:
  85 000c 00300040 		.word	1073754112
  86              		.cfi_endproc
  87              	.LFE66:
  89              		.text
  90              	.Letext0:
  91              		.file 2 "/opt/st/stm32cubeclt_1.16.0/GNU-tools-for-STM32/arm-none-eabi/include/machine/_default_ty
  92              		.file 3 "/opt/st/stm32cubeclt_1.16.0/GNU-tools-for-STM32/arm-none-eabi/include/sys/_stdint.h"
  93              		.file 4 "CMSIS/Device/stm32f103xe.h"
ARM GAS  /tmp/ccvKC9z8.s 			page 4


DEFINED SYMBOLS
                            *ABS*:00000000 wdg.c
     /tmp/ccvKC9z8.s:19     .text.iwdg_init:00000000 $t
     /tmp/ccvKC9z8.s:25     .text.iwdg_init:00000000 iwdg_init
     /tmp/ccvKC9z8.s:57     .text.iwdg_init:0000001c $d
     /tmp/ccvKC9z8.s:62     .text.iwdg_feed:00000000 $t
     /tmp/ccvKC9z8.s:68     .text.iwdg_feed:00000000 iwdg_feed
     /tmp/ccvKC9z8.s:85     .text.iwdg_feed:0000000c $d

NO UNDEFINED SYMBOLS
